[0923/231543.650:ERROR:file_io.cc(90)] ReadExactly: expected 36, observed 0
[1001/000349.296:ERROR:process_reader_win.cc(151)] SuspendThread: Access is denied. (0x5)
[1001/000349.296:ERROR:process_reader_win.cc(151)] SuspendThread: Access is denied. (0x5)
[1001/000349.296:ERROR:process_reader_win.cc(151)] SuspendThread: Access is denied. (0x5)
[1001/000349.296:ERROR:process_reader_win.cc(151)] SuspendThread: Access is denied. (0x5)
[1001/000349.296:ERROR:process_reader_win.cc(151)] SuspendThread: Access is denied. (0x5)
[1001/000349.296:ERROR:process_reader_win.cc(151)] SuspendThread: Access is denied. (0x5)
[1001/000349.296:ERROR:process_reader_win.cc(151)] SuspendThread: Access is denied. (0x5)
[1001/000349.296:ERROR:process_reader_win.cc(151)] SuspendThread: Access is denied. (0x5)
[1001/000349.296:ERROR:process_reader_win.cc(151)] SuspendThread: Access is denied. (0x5)
[1001/000349.296:ERROR:process_reader_win.cc(151)] SuspendThread: Access is denied. (0x5)
[1001/000349.296:ERROR:process_reader_win.cc(151)] SuspendThread: Access is denied. (0x5)
[1001/000349.296:ERROR:process_reader_win.cc(151)] SuspendThread: Access is denied. (0x5)
[1001/000349.296:ERROR:process_reader_win.cc(151)] SuspendThread: Access is denied. (0x5)
[1001/000349.296:ERROR:process_reader_win.cc(151)] SuspendThread: Access is denied. (0x5)
[1001/000349.296:ERROR:process_reader_win.cc(151)] SuspendThread: Access is denied. (0x5)
[1001/000349.296:ERROR:process_reader_win.cc(123)] NtOpenThread: {Access Denied} A process has requested access to an object, but has not been granted those access rights. (0xc0000022)
[1001/000349.296:ERROR:exception_snapshot_win.cc(99)] thread ID 900 not found in process
[1001/000349.312:ERROR:process_reader_win.cc(151)] SuspendThread: Access is denied. (0x5)
[1001/000349.312:ERROR:process_reader_win.cc(151)] SuspendThread: Access is denied. (0x5)
[1001/000349.312:ERROR:process_reader_win.cc(123)] NtOpenThread: {Access Denied} A process has requested access to an object, but has not been granted those access rights. (0xc0000022)
[1001/000349.312:ERROR:exception_snapshot_win.cc(99)] thread ID 12024 not found in process
[1001/000349.327:ERROR:process_reader_win.cc(151)] SuspendThread: Access is denied. (0x5)
[1001/000349.327:ERROR:process_reader_win.cc(151)] SuspendThread: Access is denied. (0x5)
[1001/000349.327:ERROR:process_reader_win.cc(151)] SuspendThread: Access is denied. (0x5)
[1001/000349.327:ERROR:process_reader_win.cc(151)] SuspendThread: Access is denied. (0x5)
[1001/000349.327:ERROR:process_reader_win.cc(151)] SuspendThread: Access is denied. (0x5)
[1001/000349.327:ERROR:process_reader_win.cc(151)] SuspendThread: Access is denied. (0x5)
[1001/000349.327:ERROR:process_reader_win.cc(151)] SuspendThread: Access is denied. (0x5)
[1001/000349.327:ERROR:process_reader_win.cc(151)] SuspendThread: Access is denied. (0x5)
[1001/000349.327:ERROR:process_reader_win.cc(151)] SuspendThread: Access is denied. (0x5)
[1001/000349.327:ERROR:process_reader_win.cc(151)] SuspendThread: Access is denied. (0x5)
[1001/000349.327:ERROR:process_reader_win.cc(151)] SuspendThread: Access is denied. (0x5)
[1001/000349.327:ERROR:process_reader_win.cc(151)] SuspendThread: Access is denied. (0x5)
[1001/000349.327:ERROR:process_reader_win.cc(151)] SuspendThread: Access is denied. (0x5)
[1001/000349.327:ERROR:process_reader_win.cc(151)] SuspendThread: Access is denied. (0x5)
[1001/000349.327:ERROR:process_reader_win.cc(123)] NtOpenThread: {Access Denied} A process has requested access to an object, but has not been granted those access rights. (0xc0000022)
[1001/000349.327:ERROR:exception_snapshot_win.cc(99)] thread ID 14848 not found in process
[1001/000349.343:ERROR:process_reader_win.cc(151)] SuspendThread: Access is denied. (0x5)
[1001/000349.343:ERROR:process_reader_win.cc(151)] SuspendThread: Access is denied. (0x5)
[1001/000349.343:ERROR:process_reader_win.cc(151)] SuspendThread: Access is denied. (0x5)
[1001/000349.343:ERROR:process_reader_win.cc(151)] SuspendThread: Access is denied. (0x5)
[1001/000349.343:ERROR:process_reader_win.cc(151)] SuspendThread: Access is denied. (0x5)
[1001/000349.343:ERROR:process_reader_win.cc(151)] SuspendThread: Access is denied. (0x5)
[1001/000349.343:ERROR:process_reader_win.cc(151)] SuspendThread: Access is denied. (0x5)
[1001/000349.343:ERROR:process_reader_win.cc(151)] SuspendThread: Access is denied. (0x5)
[1001/000349.343:ERROR:process_reader_win.cc(151)] SuspendThread: Access is denied. (0x5)
[1001/000349.343:ERROR:process_reader_win.cc(151)] SuspendThread: Access is denied. (0x5)
[1001/000349.343:ERROR:process_reader_win.cc(151)] SuspendThread: Access is denied. (0x5)
[1001/000349.343:ERROR:process_reader_win.cc(151)] SuspendThread: Access is denied. (0x5)
[1001/000349.343:ERROR:process_reader_win.cc(151)] SuspendThread: Access is denied. (0x5)
[1001/000349.343:ERROR:process_reader_win.cc(151)] SuspendThread: Access is denied. (0x5)
[1001/000349.343:ERROR:process_reader_win.cc(123)] NtOpenThread: {Access Denied} A process has requested access to an object, but has not been granted those access rights. (0xc0000022)
[1001/000349.343:ERROR:exception_snapshot_win.cc(99)] thread ID 9564 not found in process
[1001/000349.359:ERROR:process_reader_win.cc(151)] SuspendThread: Access is denied. (0x5)
[1001/000349.359:ERROR:process_reader_win.cc(151)] SuspendThread: Access is denied. (0x5)
[1001/000349.359:ERROR:process_reader_win.cc(151)] SuspendThread: Access is denied. (0x5)
[1001/000349.359:ERROR:process_reader_win.cc(151)] SuspendThread: Access is denied. (0x5)
[1001/000349.359:ERROR:process_reader_win.cc(151)] SuspendThread: Access is denied. (0x5)
[1001/000349.359:ERROR:process_reader_win.cc(151)] SuspendThread: Access is denied. (0x5)
[1001/000349.359:ERROR:process_reader_win.cc(151)] SuspendThread: Access is denied. (0x5)
[1001/000349.359:ERROR:process_reader_win.cc(151)] SuspendThread: Access is denied. (0x5)
[1001/000349.359:ERROR:process_reader_win.cc(151)] SuspendThread: Access is denied. (0x5)
[1001/000349.359:ERROR:process_reader_win.cc(151)] SuspendThread: Access is denied. (0x5)
[1001/000349.359:ERROR:process_reader_win.cc(151)] SuspendThread: Access is denied. (0x5)
[1001/000349.359:ERROR:process_reader_win.cc(151)] SuspendThread: Access is denied. (0x5)
[1001/000349.359:ERROR:process_reader_win.cc(151)] SuspendThread: Access is denied. (0x5)
[1001/000349.359:ERROR:process_reader_win.cc(151)] SuspendThread: Access is denied. (0x5)
[1001/000349.359:ERROR:process_reader_win.cc(151)] SuspendThread: Access is denied. (0x5)
[1001/000349.359:ERROR:process_reader_win.cc(151)] SuspendThread: Access is denied. (0x5)
[1001/000349.359:ERROR:process_reader_win.cc(151)] SuspendThread: Access is denied. (0x5)
[1001/000349.359:ERROR:process_reader_win.cc(123)] NtOpenThread: {Access Denied} A process has requested access to an object, but has not been granted those access rights. (0xc0000022)
[1001/000349.359:ERROR:exception_snapshot_win.cc(99)] thread ID 11328 not found in process
[1001/000349.390:ERROR:process_reader_win.cc(151)] SuspendThread: Access is denied. (0x5)
[1001/000349.390:ERROR:process_reader_win.cc(151)] SuspendThread: Access is denied. (0x5)
[1001/000349.390:ERROR:process_reader_win.cc(151)] SuspendThread: Access is denied. (0x5)
[1001/000349.390:ERROR:process_reader_win.cc(151)] SuspendThread: Access is denied. (0x5)
[1001/000349.390:ERROR:process_reader_win.cc(151)] SuspendThread: Access is denied. (0x5)
[1001/000349.390:ERROR:process_reader_win.cc(151)] SuspendThread: Access is denied. (0x5)
[1001/000349.390:ERROR:process_reader_win.cc(151)] SuspendThread: Access is denied. (0x5)
[1001/000349.390:ERROR:process_reader_win.cc(151)] SuspendThread: Access is denied. (0x5)
[1001/000349.390:ERROR:process_reader_win.cc(151)] SuspendThread: Access is denied. (0x5)
[1001/000349.390:ERROR:process_reader_win.cc(151)] SuspendThread: Access is denied. (0x5)
[1001/000349.390:ERROR:process_reader_win.cc(151)] SuspendThread: Access is denied. (0x5)
[1001/000349.390:ERROR:process_reader_win.cc(123)] NtOpenThread: {Access Denied} A process has requested access to an object, but has not been granted those access rights. (0xc0000022)
[1001/000349.390:ERROR:exception_snapshot_win.cc(99)] thread ID 13688 not found in process
[1010/115538.441:ERROR:directory_reader_win.cc(43)] FindFirstFile: The system cannot find the path specified. (0x3)
[1010/124754.021:ERROR:directory_reader_win.cc(43)] FindFirstFile: The system cannot find the path specified. (0x3)
[1010/125045.624:ERROR:directory_reader_win.cc(43)] FindFirstFile: The system cannot find the path specified. (0x3)
[1010/125252.518:ERROR:directory_reader_win.cc(43)] FindFirstFile: The system cannot find the path specified. (0x3)
[1011/114752.419:ERROR:directory_reader_win.cc(43)] FindFirstFile: The system cannot find the path specified. (0x3)
[1011/115452.763:ERROR:directory_reader_win.cc(43)] FindFirstFile: The system cannot find the path specified. (0x3)
[1011/120107.713:ERROR:directory_reader_win.cc(43)] FindFirstFile: The system cannot find the path specified. (0x3)
[1011/125107.649:ERROR:directory_reader_win.cc(43)] FindFirstFile: The system cannot find the path specified. (0x3)
[1014/215110.454:ERROR:directory_reader_win.cc(43)] FindFirstFile: The system cannot find the path specified. (0x3)
[1014/215358.335:ERROR:directory_reader_win.cc(43)] FindFirstFile: The system cannot find the path specified. (0x3)
[1014/215609.514:ERROR:directory_reader_win.cc(43)] FindFirstFile: The system cannot find the path specified. (0x3)
[1015/181624.050:ERROR:directory_reader_win.cc(43)] FindFirstFile: The system cannot find the path specified. (0x3)
[1015/211759.050:ERROR:directory_reader_win.cc(43)] FindFirstFile: The system cannot find the path specified. (0x3)
[1015/224509.561:ERROR:directory_reader_win.cc(43)] FindFirstFile: The system cannot find the path specified. (0x3)
[1015/225444.673:ERROR:directory_reader_win.cc(43)] FindFirstFile: The system cannot find the path specified. (0x3)
[1015/230433.646:ERROR:directory_reader_win.cc(43)] FindFirstFile: The system cannot find the path specified. (0x3)
[1016/002400.598:ERROR:directory_reader_win.cc(43)] FindFirstFile: The system cannot find the path specified. (0x3)
[1016/011454.695:ERROR:directory_reader_win.cc(43)] FindFirstFile: The system cannot find the path specified. (0x3)
[1016/012658.029:ERROR:directory_reader_win.cc(43)] FindFirstFile: The system cannot find the path specified. (0x3)
[1016/114553.387:ERROR:directory_reader_win.cc(43)] FindFirstFile: The system cannot find the path specified. (0x3)
[1016/200344.159:ERROR:directory_reader_win.cc(43)] FindFirstFile: The system cannot find the path specified. (0x3)
[1016/202957.107:ERROR:directory_reader_win.cc(43)] FindFirstFile: The system cannot find the path specified. (0x3)
[1016/215129.303:ERROR:directory_reader_win.cc(43)] FindFirstFile: The system cannot find the path specified. (0x3)
[1018/113142.304:ERROR:directory_reader_win.cc(43)] FindFirstFile: The system cannot find the path specified. (0x3)
[1018/113415.445:ERROR:directory_reader_win.cc(43)] FindFirstFile: The system cannot find the path specified. (0x3)
[1018/113644.263:ERROR:directory_reader_win.cc(43)] FindFirstFile: The system cannot find the path specified. (0x3)
[1020/223313.066:ERROR:directory_reader_win.cc(43)] FindFirstFile: The system cannot find the path specified. (0x3)
[1020/223741.296:ERROR:directory_reader_win.cc(43)] FindFirstFile: The system cannot find the path specified. (0x3)
[1020/224326.647:ERROR:directory_reader_win.cc(43)] FindFirstFile: The system cannot find the path specified. (0x3)
[1020/224641.842:ERROR:directory_reader_win.cc(43)] FindFirstFile: The system cannot find the path specified. (0x3)
[1020/224654.028:ERROR:process_reader_win.cc(151)] SuspendThread: Access is denied. (0x5)
[1020/224654.028:ERROR:process_reader_win.cc(151)] SuspendThread: Access is denied. (0x5)
[1020/224654.028:ERROR:process_reader_win.cc(151)] SuspendThread: Access is denied. (0x5)
[1020/224654.028:ERROR:process_reader_win.cc(151)] SuspendThread: Access is denied. (0x5)
[1020/224654.028:ERROR:process_reader_win.cc(151)] SuspendThread: Access is denied. (0x5)
[1020/224654.028:ERROR:process_reader_win.cc(151)] SuspendThread: Access is denied. (0x5)
[1020/224654.028:ERROR:process_reader_win.cc(151)] SuspendThread: Access is denied. (0x5)
[1020/224654.028:ERROR:process_reader_win.cc(151)] SuspendThread: Access is denied. (0x5)
[1020/224654.028:ERROR:process_reader_win.cc(151)] SuspendThread: Access is denied. (0x5)
[1020/224654.028:ERROR:process_reader_win.cc(151)] SuspendThread: Access is denied. (0x5)
[1020/224654.028:ERROR:process_reader_win.cc(151)] SuspendThread: Access is denied. (0x5)
[1020/224654.028:ERROR:process_reader_win.cc(151)] SuspendThread: Access is denied. (0x5)
[1020/224654.028:ERROR:process_reader_win.cc(151)] SuspendThread: Access is denied. (0x5)
[1020/224654.028:ERROR:process_reader_win.cc(151)] SuspendThread: Access is denied. (0x5)
[1020/224654.028:ERROR:process_reader_win.cc(151)] SuspendThread: Access is denied. (0x5)
[1020/224654.028:ERROR:process_reader_win.cc(151)] SuspendThread: Access is denied. (0x5)
[1020/224654.028:ERROR:process_reader_win.cc(151)] SuspendThread: Access is denied. (0x5)
[1020/224654.028:ERROR:process_reader_win.cc(123)] NtOpenThread: {Access Denied} A process has requested access to an object, but has not been granted those access rights. (0xc0000022)
[1020/224654.028:ERROR:exception_snapshot_win.cc(99)] thread ID 14244 not found in process
[1020/224654.028:ERROR:process_reader_win.cc(151)] SuspendThread: Access is denied. (0x5)
[1020/224654.028:ERROR:process_reader_win.cc(151)] SuspendThread: Access is denied. (0x5)
[1020/224654.028:ERROR:process_reader_win.cc(151)] SuspendThread: Access is denied. (0x5)
[1020/224654.028:ERROR:process_reader_win.cc(151)] SuspendThread: Access is denied. (0x5)
[1020/224654.028:ERROR:process_reader_win.cc(151)] SuspendThread: Access is denied. (0x5)
[1020/224654.028:ERROR:process_reader_win.cc(151)] SuspendThread: Access is denied. (0x5)
[1020/224654.028:ERROR:process_reader_win.cc(151)] SuspendThread: Access is denied. (0x5)
[1020/224654.028:ERROR:process_reader_win.cc(151)] SuspendThread: Access is denied. (0x5)
[1020/224654.028:ERROR:process_reader_win.cc(151)] SuspendThread: Access is denied. (0x5)
[1020/224654.028:ERROR:process_reader_win.cc(151)] SuspendThread: Access is denied. (0x5)
[1020/224654.028:ERROR:process_reader_win.cc(151)] SuspendThread: Access is denied. (0x5)
[1020/224654.028:ERROR:process_reader_win.cc(151)] SuspendThread: Access is denied. (0x5)
[1020/224654.028:ERROR:process_reader_win.cc(151)] SuspendThread: Access is denied. (0x5)
[1020/224654.028:ERROR:process_reader_win.cc(151)] SuspendThread: Access is denied. (0x5)
[1020/224654.028:ERROR:process_reader_win.cc(151)] SuspendThread: Access is denied. (0x5)
[1020/224654.028:ERROR:process_reader_win.cc(151)] SuspendThread: Access is denied. (0x5)
[1020/224654.028:ERROR:process_reader_win.cc(151)] SuspendThread: Access is denied. (0x5)
[1020/224654.028:ERROR:process_reader_win.cc(123)] NtOpenThread: {Access Denied} A process has requested access to an object, but has not been granted those access rights. (0xc0000022)
[1020/224654.028:ERROR:process_reader_win.cc(151)] SuspendThread: Access is denied. (0x5)
[1020/224654.028:ERROR:exception_snapshot_win.cc(99)] thread ID 2464 not found in process
[1020/224654.028:ERROR:process_reader_win.cc(123)] NtOpenThread: {Access Denied} A process has requested access to an object, but has not been granted those access rights. (0xc0000022)
[1020/224654.036:ERROR:exception_snapshot_win.cc(99)] thread ID 14452 not found in process
[1021/200832.506:ERROR:directory_reader_win.cc(43)] FindFirstFile: The system cannot find the path specified. (0x3)
[1021/201112.798:ERROR:directory_reader_win.cc(43)] FindFirstFile: The system cannot find the path specified. (0x3)
[1021/201344.149:ERROR:directory_reader_win.cc(43)] FindFirstFile: The system cannot find the path specified. (0x3)
[1021/201606.150:ERROR:directory_reader_win.cc(43)] FindFirstFile: The system cannot find the path specified. (0x3)
[1021/202120.977:ERROR:directory_reader_win.cc(43)] FindFirstFile: The system cannot find the path specified. (0x3)
[1021/202441.287:ERROR:directory_reader_win.cc(43)] FindFirstFile: The system cannot find the path specified. (0x3)
[1021/203303.084:ERROR:directory_reader_win.cc(43)] FindFirstFile: The system cannot find the path specified. (0x3)
[1021/205049.611:ERROR:directory_reader_win.cc(43)] FindFirstFile: The system cannot find the path specified. (0x3)
[1021/205255.223:ERROR:directory_reader_win.cc(43)] FindFirstFile: The system cannot find the path specified. (0x3)
[1021/214017.553:ERROR:directory_reader_win.cc(43)] FindFirstFile: The system cannot find the path specified. (0x3)
[1021/215924.907:ERROR:directory_reader_win.cc(43)] FindFirstFile: The system cannot find the path specified. (0x3)
[1021/220116.094:ERROR:directory_reader_win.cc(43)] FindFirstFile: The system cannot find the path specified. (0x3)
